<?xml version="1.0" encoding="UTF-8"?>
<testsuite xmlns:xsi="http://www.w3.org/2001/XMLSchema-instance" xsi:noNamespaceSchemaLocation="https://maven.apache.org/surefire/maven-surefire-plugin/xsd/surefire-test-report.xsd" version="3.0.2" name="org.example.spring_lab3_notifications.SpringLab3NotificationsApplicationTests" time="2.198" tests="1" errors="0" skipped="0" failures="0" flakes="0">
  <properties>
[...]
</properties>
  <testcase name="contextLoads" classname="org.example.spring_lab3_notifications.SpringLab3NotificationsApplicationTests" time="0.56">
    <system-out><![CDATA[11:42:50.381 [main] INFO org.springframework.boot.devtools.restart.RestartApplicationListener -- Restart disabled due to context in which it is running

  .   ____          _            __ _ _
 /\\ / ___'_ __ _ _(_)_ __  __ _ \ \ \ \
( ( )\___ | '_ | '_| | '_ \/ _` | \ \ \ \
 \\/  ___)| |_)| | | | | || (_| |  ) ) ) )
  '  |____| .__|_| |_|_| |_\__, | / / / /
 =========|_|==============|___/=/_/_/_/

 :: Spring Boot ::                (v4.0.6)

2026-04-27T11:42:50.638+03:00  INFO 11932 --- [spring-lab3-notifications] [           main] .SpringLab3NotificationsApplicationTests : Starting SpringLab3NotificationsApplicationTests using Java 25 with PID 11932 (started by TraLumel in E:\Downloads\Загрузки\Вуз\Информационные технологии и программирование\Lab_3\spring-lab3-notifications)
2026-04-27T11:42:50.641+03:00  INFO 11932 --- [spring-lab3-notifications] [           main] .SpringLab3NotificationsApplicationTests : No active profile set, falling back to 1 default profile: "default"
2026-04-27T11:42:51.615+03:00  INFO 11932 --- [spring-lab3-notifications] [           main] .SpringLab3NotificationsApplicationTests : Started SpringLab3NotificationsApplicationTests in 1.245 seconds (process running for 2.624)
]]></system-out>
    <system-err><![CDATA[Mockito is currently self-attaching to enable the inline-mock-maker. This will no longer work in future releases of the JDK. Please add Mockito as an agent to your build as described in Mockito's documentation: https://javadoc.io/doc/org.mockito/mockito-core/latest/org.mockito/org/mockito/Mockito.html#0.3
WARNING: A Java agent has been loaded dynamically (C:\Users\TraLumel\.m2\repository\net\bytebuddy\byte-buddy-agent\1.17.8\byte-buddy-agent-1.17.8.jar)
WARNING: If a serviceability tool is in use, please run with -XX:+EnableDynamicAgentLoading to hide this warning
WARNING: If a serviceability tool is not in use, please run with -Djdk.instrument.traceUsage for more information
WARNING: Dynamic loading of agents will be disallowed by default in a future release
]]></system-err>
  </testcase>
</testsuite>